<?xml version="1.0" encoding="UTF-8"?>
<testng-results total="1" passed="1" failed="0" skipped="0">
  <reporter-output>
    <line>
      <![CDATA[This report says that the openapplication ]]>
    </line>
    <line>
      <![CDATA[Reporter login]]>
    </line>
    <line>
      <![CDATA[reporter framed]]>
    </line>
    <line>
      <![CDATA[THIS IS upload reporter sethan ]]>
    </line>
    <line>
      <![CDATA[exit frame from Reporter log ]]>
    </line>
    <line>
      <![CDATA[logout completed]]>
    </line>
  </reporter-output>
  <suite started-at="2021-11-28T19:58:22Z" name="Default suite" finished-at="2021-11-28T19:59:51Z" duration-ms="89245">
    <groups>
    </groups>
    <test started-at="2021-11-28T19:58:22Z" name="Default test" finished-at="2021-11-28T19:59:51Z" duration-ms="89245">
      <class name="com.hrms.Testscripts.TC001">
        <test-method signature="tc001()[pri:0, instance:com.hrms.Testscripts.TC001@609bcfb6]" started-at="2021-11-29T01:28:22Z" name="tc001" finished-at="2021-11-29T01:29:51Z" duration-ms="89197" status="PASS">
          <reporter-output>
            <line>
              <![CDATA[This report says that the openapplication ]]>
            </line>
            <line>
              <![CDATA[Reporter login]]>
            </line>
            <line>
              <![CDATA[reporter framed]]>
            </line>
            <line>
              <![CDATA[THIS IS upload reporter sethan ]]>
            </line>
            <line>
              <![CDATA[exit frame from Reporter log ]]>
            </line>
            <line>
              <![CDATA[logout completed]]>
            </line>
          </reporter-output>
        </test-method> <!-- tc001 -->
      </class> <!-- com.hrms.Testscripts.TC001 -->
    </test> <!-- Default test -->
  </suite> <!-- Default suite -->
</testng-results>
